update.go:85: cannot change mount namespace according to change mount (/var/lib/snapd/hostfs/usr/local/share/doc /usr/local/share/doc none bind,ro 0 0): cannot write to "/var/lib/snapd/hostfs/usr/local/share/doc" because it would affect the host in "/var/lib/snapd"
update.go:85: cannot change mount namespace according to change mount (/var/lib/snapd/hostfs/usr/share/gimp/2.0/help /usr/share/gimp/2.0/help none bind,ro 0 0): cannot write to "/var/lib/snapd/hostfs/usr/share/gimp/2.0/help" because it would affect the host in "/var/lib/snapd"
update.go:85: cannot change mount namespace according to change mount (/var/lib/snapd/hostfs/usr/share/javascript /usr/share/javascript none bind,ro 0 0): cannot write to "/var/lib/snapd/hostfs/usr/share/javascript" because it would affect the host in "/var/lib/snapd"
update.go:85: cannot change mount namespace according to change mount (/var/lib/snapd/hostfs/usr/share/libreoffice/help /usr/share/libreoffice/help none bind,ro 0 0): cannot write to "/var/lib/snapd/hostfs/usr/share/libreoffice/help" because it would affect the host in "/var/lib/snapd"
update.go:85: cannot change mount namespace according to change mount (/var/lib/snapd/hostfs/usr/share/sphinx_rtd_theme /usr/share/sphinx_rtd_theme none bind,ro 0 0): cannot write to "/var/lib/snapd/hostfs/usr/share/sphinx_rtd_theme" because it would affect the host in "/var/lib/snapd"
update.go:85: cannot change mount namespace according to change mount (/var/lib/snapd/hostfs/usr/share/xubuntu-docs /usr/share/xubuntu-docs none bind,ro 0 0): cannot write to "/var/lib/snapd/hostfs/usr/share/xubuntu-docs" because it would affect the host in "/var/lib/snapd"
[2289:2289:0826/103457.277248:ERROR:dbus/object_proxy.cc:590] Failed to call method: org.freedesktop.Secret.Service.ReadAlias: object_path= /org/freedesktop/secrets: org.freedesktop.DBus.Error.AccessDenied: An AppArmor policy prevents this sender from sending this message to this recipient; type="method_call", sender=":1.69" (uid=1000 pid=2289 comm="/snap/brave/537/opt/brave.com/brave/brave" label="snap.brave.brave (enforce)") interface="org.freedesktop.Secret.Service" member="ReadAlias" error name="(unset)" requested_reply="0" destination="org.freedesktop.secrets" (uid=1000 pid=1273 comm="/usr/bin/gnome-keyring-daemon --foreground --compo" label="unconfined")
libva error: /snap/brave/537/gnome-platform/usr/lib/x86_64-linux-gnu/dri/iHD_drv_video.so init failed

(brave:2289): IBUS-WARNING **: 10:35:03.204: Failed to mkdir /home/amar-essam-gelila/snap/brave/537/.config/ibus/bus: Not a directory
[2289:2289:0826/104124.799183:ERROR:CONSOLE:1] "Uncaught (in promise) SyntaxError: Unexpected token 'H', "HTTP/1.1 4"... is not valid JSON", source: devtools://devtools/bundled/devtools_app.html?remoteBase=https://devtools.brave.com/serve_file/@5decd274a0391aa437ee11443921b5c9bbffdb9/&targetType=tab&can_dock=true (1)
[2289:2289:0826/111118.603548:ERROR:ui/gfx/x/atom_cache.cc:232] Add chromium/from-privileged to kAtomsToCache
Fontconfig error: Cannot load default config file: No such file: (null)
[2289:2289:0826/115812.464173:ERROR:CONSOLE:1] "Uncaught (in promise) SyntaxError: Unexpected token 'H', "HTTP/1.1 4"... is not valid JSON", source: devtools://devtools/bundled/devtools_app.html?remoteBase=https://devtools.brave.com/serve_file/@5decd274a0391aa437ee11443921b5c9bbffdb9/&targetType=tab&can_dock=true&panel=elements (1)
[2289:2289:0826/120326.923396:ERROR:components/dbus/xdg/request.cc:169] Request ended (non-user cancelled).
[2289:2289:0826/120532.042791:ERROR:CONSOLE:1] "Uncaught (in promise) SyntaxError: Unexpected token 'H', "HTTP/1.1 4"... is not valid JSON", source: devtools://devtools/bundled/devtools_app.html?remoteBase=https://devtools.brave.com/serve_file/@5decd274a0391aa437ee11443921b5c9bbffdb9/&targetType=tab&can_dock=true (1)
Opening in existing browser session.
update.go:85: cannot change mount namespace according to change mount (/var/lib/snapd/hostfs/usr/local/share/doc /usr/local/share/doc none bind,ro 0 0): cannot write to "/var/lib/snapd/hostfs/usr/local/share/doc" because it would affect the host in "/var/lib/snapd"
update.go:85: cannot change mount namespace according to change mount (/var/lib/snapd/hostfs/usr/share/gimp/2.0/help /usr/share/gimp/2.0/help none bind,ro 0 0): cannot write to "/var/lib/snapd/hostfs/usr/share/gimp/2.0/help" because it would affect the host in "/var/lib/snapd"
update.go:85: cannot change mount namespace according to change mount (/var/lib/snapd/hostfs/usr/share/javascript /usr/share/javascript none bind,ro 0 0): cannot write to "/var/lib/snapd/hostfs/usr/share/javascript" because it would affect the host in "/var/lib/snapd"
update.go:85: cannot change mount namespace according to change mount (/var/lib/snapd/hostfs/usr/share/libreoffice/help /usr/share/libreoffice/help none bind,ro 0 0): cannot write to "/var/lib/snapd/hostfs/usr/share/libreoffice/help" because it would affect the host in "/var/lib/snapd"
update.go:85: cannot change mount namespace according to change mount (/var/lib/snapd/hostfs/usr/share/sphinx_rtd_theme /usr/share/sphinx_rtd_theme none bind,ro 0 0): cannot write to "/var/lib/snapd/hostfs/usr/share/sphinx_rtd_theme" because it would affect the host in "/var/lib/snapd"
update.go:85: cannot change mount namespace according to change mount (/var/lib/snapd/hostfs/usr/share/xubuntu-docs /usr/share/xubuntu-docs none bind,ro 0 0): cannot write to "/var/lib/snapd/hostfs/usr/share/xubuntu-docs" because it would affect the host in "/var/lib/snapd"
[2192:2192:0829/085025.134758:ERROR:dbus/object_proxy.cc:590] Failed to call method: org.freedesktop.Secret.Service.ReadAlias: object_path= /org/freedesktop/secrets: org.freedesktop.DBus.Error.AccessDenied: An AppArmor policy prevents this sender from sending this message to this recipient; type="method_call", sender=":1.65" (uid=1000 pid=2192 comm="/snap/brave/539/opt/brave.com/brave/brave" label="snap.brave.brave (enforce)") interface="org.freedesktop.Secret.Service" member="ReadAlias" error name="(unset)" requested_reply="0" destination="org.freedesktop.secrets" (uid=1000 pid=1285 comm="/usr/bin/gnome-keyring-daemon --foreground --compo" label="unconfined")
libva error: /snap/brave/539/gnome-platform/usr/lib/x86_64-linux-gnu/dri/iHD_drv_video.so init failed

(brave:2192): IBUS-WARNING **: 08:50:42.424: Failed to mkdir /home/amar-essam-gelila/snap/brave/539/.config/ibus/bus: Not a directory
Fontconfig error: Cannot load default config file: No such file: (null)
[2192:2192:0829/085128.877672:ERROR:brave/components/p3a/star_randomness_points.cc:120] StarRandomnessPoints: no response body for randomness request, net error: ERR_HTTP_RESPONSE_CODE_FAILURE
[2192:2192:0829/085134.647201:ERROR:brave/components/p3a/star_randomness_points.cc:120] StarRandomnessPoints: no response body for randomness request, net error: ERR_HTTP_RESPONSE_CODE_FAILURE
[2192:2192:0829/085144.956183:ERROR:brave/components/p3a/star_randomness_points.cc:120] StarRandomnessPoints: no response body for randomness request, net error: ERR_HTTP_RESPONSE_CODE_FAILURE
[2192:2192:0830/104139.550037:ERROR:brave/components/p3a/star_randomness_points.cc:120] StarRandomnessPoints: no response body for randomness request, net error: ERR_HTTP_RESPONSE_CODE_FAILURE
[2192:2192:0830/104212.034133:ERROR:ui/gfx/x/atom_cache.cc:232] Add chromium/from-privileged to kAtomsToCache
[2192:2192:0830/104219.802683:ERROR:brave/components/p3a/star_randomness_points.cc:120] StarRandomnessPoints: no response body for randomness request, net error: ERR_HTTP_RESPONSE_CODE_FAILURE
Fontconfig error: Cannot load default config file: No such file: (null)
[2192:2192:0830/104340.697215:ERROR:brave/components/p3a/star_randomness_points.cc:120] StarRandomnessPoints: no response body for randomness request, net error: ERR_HTTP_RESPONSE_CODE_FAILURE
[2192:2192:0830/104621.724638:ERROR:brave/components/p3a/star_randomness_points.cc:120] StarRandomnessPoints: no response body for randomness request, net error: ERR_HTTP_RESPONSE_CODE_FAILURE
[2192:2192:0830/105142.749511:ERROR:brave/components/p3a/star_randomness_points.cc:120] StarRandomnessPoints: no response body for randomness request, net error: ERR_HTTP_RESPONSE_CODE_FAILURE
Fontconfig error: Cannot load default config file: No such file: (null)
Fontconfig error: Cannot load default config file: No such file: (null)
